#
# There is insufficient memory for the Java Runtime Environment to continue.
# Native memory allocation (mmap) failed to map 268435456 bytes for Failed to commit area from 0x0000000700c00000 to 0x0000000710c00000 of length 268435456.
# Possible reasons:
#   The system is out of physical RAM or swap space
#   The process is running with CompressedOops enabled, and the Java Heap may be blocking the growth of the native heap
# Possible solutions:
#   Reduce memory load on the system
#   Increase physical memory or swap space
#   Check if swap backing store is full
#   Decrease Java heap size (-Xmx/-Xms)
#   Decrease number of Java threads
#   Decrease Java thread stack sizes (-Xss)
#   Set larger code cache with -XX:ReservedCodeCacheSize=
# This output file may be truncated or incomplete.
#
#  Out of Memory Error (./src/hotspot/os/windows/os_windows.cpp:3301), pid=1404, tid=11260
#
# JRE version:  (11.0.11+9) (build )
# Java VM: OpenJDK 64-Bit Server VM (11.0.11+9-b60-7590822, mixed mode, sharing, tiered, compressed oops, g1 gc, windows-amd64)
# No core dump will be written. Minidumps are not enabled by default on client versions of Windows
#

---------------  S U M M A R Y ------------

Command Line: org.jetbrains.kotlin.cli.jvm.K2JVMCompiler @D:\ahmed\test\app\build\20220702_13063197368891600520.compiler.options

Host: Intel(R) Core(TM) i3-9100F CPU @ 3.60GHz, 4 cores, 15G,  Windows 10 , 64 bit Build 19041 (10.0.19041.1741)
Time: Sat Jul  2 06:53:18 2022 ãÕÑ - ÇáÊæÞíÊ ÇáÑÓãí elapsed time: 0.010759 seconds (0d 0h 0m 0s)

---------------  T H R E A D  ---------------

Current thread (0x000002d8ed5f9000):  JavaThread "Unknown thread" [_thread_in_vm, id=11260, stack(0x000000ef58800000,0x000000ef58900000)]

Stack: [0x000000ef58800000,0x000000ef58900000]
Native frames: (J=compiled Java code, j=interpreted, Vv=VM code, C=native code)
V  [jvm.dll+0x5f214a]
V  [jvm.dll+0x726fb5]
V  [jvm.dll+0x7285cd]
V  [jvm.dll+0x728c83]
V  [jvm.dll+0x243278]
V  [jvm.dll+0x5ef544]
V  [jvm.dll+0x5e4495]
V  [jvm.dll+0x2fec5b]
V  [jvm.dll+0x2febca]
V  [jvm.dll+0x2feaa2]
V  [jvm.dll+0x303986]
V  [jvm.dll+0x34c3a3]
V  [jvm.dll+0x34caa6]
V  [jvm.dll+0x34c4a3]
V  [jvm.dll+0x2d9688]
V  [jvm.dll+0x2da837]
V  [jvm.dll+0x705ba7]
V  [jvm.dll+0x70739c]
V  [jvm.dll+0x3598f9]
V  [jvm.dll+0x6e931e]
V  [jvm.dll+0x3c1c43]
V  [jvm.dll+0x3c3e81]
C  [jli.dll+0x5373]
C  [ucrtbase.dll+0x21bb2]
C  [KERNEL32.DLL+0x17034]
C  [ntdll.dll+0x52651]


---------------  P R O C E S S  ---------------

Threads class SMR info:
_java_thread_list=0x000002d8ebc603a0, length=0, elements={
}

Java Threads: ( => current thread )

Other Threads:
  0x000002d8ed613000 GCTaskThread "GC Thread#0" [stack: 0x000000ef58a00000,0x000000ef58b00000] [id=5808]
  0x000002d8ed66f800 ConcurrentGCThread "G1 Main Marker" [stack: 0x000000ef58b00000,0x000000ef58c00000] [id=8144]
  0x000002d8ed671000 ConcurrentGCThread "G1 Conc#0" [stack: 0x000000ef58c00000,0x000000ef58d00000] [id=5376]

[error occurred during error reporting (printing all threads), id 0xc0000005, EXCEPTION_ACCESS_VIOLATION (0xc0000005) at pc=0x00007ffe8d5d9c47]

VM state:not at safepoint (not fully initialized)

VM Mutex/Monitor currently owned by a thread:  ([mutex/lock_event])
[0x000002d8ed5f6400] Heap_lock - owner thread: 0x000002d8ed5f9000

Heap address: 0x0000000700c00000, size: 4084 MB, Compressed Oops mode: Non-zero based: 0x0000000700c00000
Narrow klass base: 0x0000000000000000, Narrow klass shift: 0

GC Heap History (0 events):
No events

Deoptimization events (0 events):
No events

Classes redefined (0 events):
No events

Internal exceptions (0 events):
No events

Events (1 events):
Event: 0.007 Loaded shared library D:\ahmed\android\jre\bin\zip.dll


Dynamic libraries:
0x00007ff770b60000 - 0x00007ff770b6a000 	D:\ahmed\android\jre\bin\java.exe
0x00007ffee1810000 - 0x00007ffee1a07000 	C:\WINDOWS\SYSTEM32\ntdll.dll
0x00007ffee14d0000 - 0x00007ffee158d000 	C:\WINDOWS\System32\KERNEL32.DLL
0x00007ffedef80000 - 0x00007ffedf24d000 	C:\WINDOWS\System32\KERNELBASE.dll
0x00007ffedf280000 - 0x00007ffedf380000 	C:\WINDOWS\System32\ucrtbase.dll
0x00007ffed9f40000 - 0x00007ffed9f59000 	D:\ahmed\android\jre\bin\jli.dll
0x00007ffee0e70000 - 0x00007ffee1010000 	C:\WINDOWS\System32\USER32.dll
0x00007ffedf250000 - 0x00007ffedf272000 	C:\WINDOWS\System32\win32u.dll
0x00007ffee1010000 - 0x00007ffee103a000 	C:\WINDOWS\System32\GDI32.dll
0x00007ffedf380000 - 0x00007ffedf48b000 	C:\WINDOWS\System32\gdi32full.dll
0x00007ffedf7d0000 - 0x00007ffedf86d000 	C:\WINDOWS\System32\msvcp_win.dll
0x00007ffed7200000 - 0x00007ffed7217000 	D:\ahmed\android\jre\bin\VCRUNTIME140.dll
0x00007ffece4d0000 - 0x00007ffece76a000 	C:\WINDOWS\WinSxS\amd64_microsoft.windows.common-controls_6595b64144ccf1df_6.0.19041.1110_none_60b5254171f9507e\COMCTL32.dll
0x00007ffee1420000 - 0x00007ffee14be000 	C:\WINDOWS\System32\msvcrt.dll
0x00007ffee17a0000 - 0x00007ffee17d0000 	C:\WINDOWS\System32\IMM32.DLL
0x00007ffecf4d0000 - 0x00007ffecf56d000 	D:\ahmed\android\jre\bin\msvcp140.dll
0x00007ffe8d2f0000 - 0x00007ffe8ddc5000 	D:\ahmed\android\jre\bin\server\jvm.dll
0x00007ffee0780000 - 0x00007ffee082e000 	C:\WINDOWS\System32\ADVAPI32.dll
0x00007ffee1170000 - 0x00007ffee120c000 	C:\WINDOWS\System32\sechost.dll
0x00007ffedf870000 - 0x00007ffedf995000 	C:\WINDOWS\System32\RPCRT4.dll
0x00007ffee14c0000 - 0x00007ffee14c8000 	C:\WINDOWS\System32\PSAPI.DLL
0x00007ffedaba0000 - 0x00007ffedaba9000 	C:\WINDOWS\SYSTEM32\WSOCK32.dll
0x00007ffee1730000 - 0x00007ffee179b000 	C:\WINDOWS\System32\WS2_32.dll
0x00007ffed4710000 - 0x00007ffed4737000 	C:\WINDOWS\SYSTEM32\WINMM.dll
0x00007ffed8b30000 - 0x00007ffed8b3a000 	C:\WINDOWS\SYSTEM32\VERSION.dll
0x00007ffedce50000 - 0x00007ffedce62000 	C:\WINDOWS\SYSTEM32\kernel.appcore.dll
0x00007ffed26d0000 - 0x00007ffed26e1000 	D:\ahmed\android\jre\bin\verify.dll
0x00007ffece810000 - 0x00007ffece9f4000 	C:\WINDOWS\SYSTEM32\DBGHELP.DLL
0x00007ffec87e0000 - 0x00007ffec880c000 	C:\WINDOWS\SYSTEM32\dbgcore.DLL
0x00007ffedf540000 - 0x00007ffedf5c2000 	C:\WINDOWS\System32\bcryptPrimitives.dll
0x00007ffed1370000 - 0x00007ffed1399000 	D:\ahmed\android\jre\bin\java.dll
0x00007ffeda250000 - 0x00007ffeda25b000 	D:\ahmed\android\jre\bin\jimage.dll
0x00007ffed1350000 - 0x00007ffed1368000 	D:\ahmed\android\jre\bin\zip.dll

dbghelp: loaded successfully - version: 4.0.5 - missing functions: none
symbol engine: initialized successfully - sym options: 0x614 - pdb path: .;D:\ahmed\android\jre\bin;C:\WINDOWS\SYSTEM32;C:\WINDOWS\WinSxS\amd64_microsoft.windows.common-controls_6595b64144ccf1df_6.0.19041.1110_none_60b5254171f9507e;D:\ahmed\android\jre\bin\server

VM Arguments:
java_command: org.jetbrains.kotlin.cli.jvm.K2JVMCompiler @D:\ahmed\test\app\build\20220702_13063197368891600520.compiler.options
java_class_path (initial): C:\Users\ÚãÇÏ\.gradle\caches\modules-2\files-2.1\org.jetbrains.kotlin\kotlin-compiler-embeddable\1.6.21\97bdd5a752ce73b58ef16c17bc7f0ea2faff7a2e\kotlin-compiler-embeddable-1.6.21.jar;C:\Users\ÚãÇÏ\.gradle\caches\modules-2\files-2.1\org.jetbrains.kotlin\kotlin-reflect\1.6.21\5dc3574d9b7bebfcb4ec6b10ada4aaa9e140bd0b\kotlin-reflect-1.6.21.jar;C:\Users\ÚãÇÏ\.gradle\caches\modules-2\files-2.1\org.jetbrains.kotlin\kotlin-stdlib\1.6.21\11ef67f1900634fd951bad28c53ec957fabbe5b8\kotlin-stdlib-1.6.21.jar;C:\Users\ÚãÇÏ\.gradle\caches\modules-2\files-2.1\org.jetbrains.kotlin\kotlin-script-runtime\1.6.21\99c6675100da5d6d5b1c5a1032f27f28008d101b\kotlin-script-runtime-1.6.21.jar;C:\Users\ÚãÇÏ\.gradle\caches\modules-2\files-2.1\org.jetbrains.kotlin\kotlin-daemon-embeddable\1.6.21\46b78cf392e1c4f10854c3cadba44abb7b82250f\kotlin-daemon-embeddable-1.6.21.jar;C:\Users\ÚãÇÏ\.gradle\caches\modules-2\files-2.1\org.jetbrains.intellij.deps\trove4j\1.0.20200330\3afb14d5f9ceb459d724e907a21145e8ff394f02\trove4j-1.0.20200330.jar;C:\Users\ÚãÇÏ\.gradle\caches\modules-2\files-2.1\net.java.dev.jna\jna\5.6.0\330f2244e9030119ab3030fc3fededc86713d9cc\jna-5.6.0.jar;C:\Users\ÚãÇÏ\.gradle\caches\modules-2\files-2.1\org.jetbrains.kotlin\kotlin-stdlib-common\1.6.21\5e5b55c26dbc80372a920aef60eb774b714559b8\kotlin-stdlib-common-1.6.21.jar;C:\Users\ÚãÇÏ\.gradle\caches\modules-2\files-2.1\org.jetbrains\annotations\13.0\919f0dfe192fb4e063e7dacadee7f8bb9a2672a9\annotations-13.0.jar
Launcher Type: SUN_STANDARD

[Global flags]
     intx CICompilerCount                          = 3                                         {product} {ergonomic}
     uint ConcGCThreads                            = 1                                         {product} {ergonomic}
     uint G1ConcRefinementThreads                  = 4                                         {product} {ergonomic}
   size_t G1HeapRegionSize                         = 1048576                                   {product} {ergonomic}
    uintx GCDrainStackTargetSize                   = 64                                        {product} {ergonomic}
   size_t InitialHeapSize                          = 268435456                                 {product} {ergonomic}
   size_t MarkStackSize                            = 4194304                                   {product} {ergonomic}
   size_t MaxHeapSize                              = 4282384384                                {product} {ergonomic}
   size_t MinHeapDeltaBytes                        = 1048576                                   {product} {ergonomic}
    uintx NonNMethodCodeHeapSize                   = 5830732                                {pd product} {ergonomic}
    uintx NonProfiledCodeHeapSize                  = 122913754                              {pd product} {ergonomic}
    uintx ProfiledCodeHeapSize                     = 122913754                              {pd product} {ergonomic}
    uintx ReservedCodeCacheSize                    = 251658240                              {pd product} {ergonomic}
     bool SegmentedCodeCache                       = true                                      {product} {ergonomic}
     bool UseCompressedClassPointers               = true                                 {lp64_product} {ergonomic}
     bool UseCompressedOops                        = true                                 {lp64_product} {ergonomic}
     bool UseG1GC                                  = true                                      {product} {ergonomic}
     bool UseLargePagesIndividualAllocation        = false                                  {pd product} {ergonomic}

Logging:
Log output configuration:
 #0: stdout all=warning uptime,level,tags
 #1: stderr all=off uptime,level,tags

Environment Variables:
PATH=C:\Python310\Scripts\;C:\Python310\;C:\ProgramData\Oracle\Java\javapath;C:\WINDOWS\system32;C:\WINDOWS;C:\WINDOWS\System32\Wbem;C:\WINDOWS\System32\WindowsPowerShell\v1.0\;C:\WINDOWS\System32\OpenSSH\;C:\Program Files\Git\cmd;E:\programs back end\node_js\;C:\ProgramData\chocolatey\bin;;C:\Program Files\NVIDIA Corporation\NVIDIA NvDLISR;C:\Program Files (x86)\NVIDIA Corporation\PhysX\Common;C:\Users\ÚãÇÏ\AppData\Local\Microsoft\WindowsApps;C:\Users\ÚãÇÏ\AppData\Roaming\npm
USERNAME=ÚãÇÏ
OS=Windows_NT
PROCESSOR_IDENTIFIER=Intel64 Family 6 Model 158 Stepping 10, GenuineIntel



---------------  S Y S T E M  ---------------

OS: Windows 10 , 64 bit Build 19041 (10.0.19041.1741)
OS uptime: 11 days 8:33 hours

CPU:total 4 (initial active 4) (4 cores per cpu, 1 threads per core) family 6 model 158 stepping 10 microcode 0xb4, cmov, cx8, fxsr, mmx, sse, sse2, sse3, ssse3, sse4.1, sse4.2, popcnt, avx, avx2, aes, clmul, erms, 3dnowpref, lzcnt, tsc, tscinvbit, bmi1, bmi2, adx, fma

Memory: 4k page, system-wide physical 16328M (2641M free)
TotalPageFile size 20424M (AvailPageFile size 69M)
current process WorkingSet (physical memory assigned to process): 10M, peak: 10M
current process commit charge ("private bytes"): 51M, peak: 307M

vm_info: OpenJDK 64-Bit Server VM (11.0.11+9-b60-7590822) for windows-amd64 JRE (11.0.11+9-b60-7590822), built on Jul 29 2021 21:43:44 by "builder" with MS VC++ 14.0 (VS2015)

END.
